<?xml version="1.0" encoding="UTF-8"?>
<!-- Generated by org.testng.reporters.JUnitReportReporter -->
<testsuite hostname="DESKTOP-59475VJ" failures="0" tests="1" name="com.comcast.crm.AnnotationScripts2.CreateOrgVtigerTest" time="54.642" errors="0" timestamp="2025-05-08T10:20:45 IST" skipped="0">
  <testcase classname="com.comcast.crm.AnnotationScripts2.CreateOrgVtigerTest" name="createOrgTest" time="54.642"/>
  <system-out/>
</testsuite> <!-- com.comcast.crm.AnnotationScripts2.CreateOrgVtigerTest -->
