<?xml version="1.0" encoding="UTF-8"?>
<!-- Generated by org.testng.reporters.JUnitReportReporter -->
<testsuite hostname="DESKTOP-59475VJ" failures="0" tests="1" name="com.comcast.crm.AnnotationScripts.AssertCreateContactTest" time="28.415" errors="0" timestamp="2025-05-14T12:36:29 IST" skipped="0">
  <testcase classname="com.comcast.crm.AnnotationScripts.AssertCreateContactTest" name="createContactWithOrgTest" time="28.415"/>
  <system-out/>
</testsuite> <!-- com.comcast.crm.AnnotationScripts.AssertCreateContactTest -->
