<?xml version="1.0" encoding="UTF-8"?>
<!-- Generated by org.testng.reporters.JUnitReportReporter -->
<testsuite hostname="DESKTOP-59475VJ" failures="0" tests="1" name="com.comcast.crm.AnnotationScripts2.CreateOrgTest" time="32.215" errors="0" timestamp="2025-05-13T17:20:49 IST" skipped="0">
  <testcase classname="com.comcast.crm.AnnotationScripts2.CreateOrgTest" name="createOrgTest" time="32.215"/>
  <system-out/>
</testsuite> <!-- com.comcast.crm.AnnotationScripts2.CreateOrgTest -->
