<?xml version="1.0" encoding="UTF-8"?>
<!-- Generated by org.testng.reporters.JUnitXMLReporter -->
<testsuite ignored="2" hostname="DESKTOP-59475VJ" failures="0" tests="5" name="Test-chrome" time="156.699" errors="0" timestamp="2025-05-08T12:34:19 IST">
  <testcase classname="com.comcast.crm.AnnotationScripts2.CreateOrgTest" name="createOrgTest" time="22.007"/>
  <testcase classname="com.comcast.crm.AnnotationScripts2.CreateOrgTest" name="createOrgwithPhoneNumberTest" time="0.0">
    <skipped/>
  </testcase> <!-- createOrgwithPhoneNumberTest -->
  <testcase classname="com.comcast.crm.AnnotationScripts.CreateContactTest" name="createContactTest" time="25.431"/>
  <testcase classname="com.comcast.crm.AnnotationScripts.CreateContactTest" name="createContactWithOrgTest" time="0.0">
    <skipped/>
  </testcase> <!-- createContactWithOrgTest -->
  <testcase classname="com.comcast.crm.AnnotationScripts.CreateContactTest" name="createContactwithSupportDateTest" time="0.0">
    <skipped/>
  </testcase> <!-- createContactwithSupportDateTest -->
  <testcase classname="com.comcast.crm.basetest.BaseClass" name="@BeforeSuite configBS" time="0.0">
    <ignored/>
  </testcase> <!-- @BeforeSuite configBS -->
  <testcase classname="com.comcast.crm.basetest.BaseClass" name="@AfterSuite configAS" time="0.0">
    <ignored/>
  </testcase> <!-- @AfterSuite configAS -->
</testsuite> <!-- Test-chrome -->
