<?xml version="1.0" encoding="UTF-8"?>
<!-- Generated by org.testng.reporters.JUnitXMLReporter -->
<testsuite ignored="0" hostname="DESKTOP-59475VJ" failures="0" tests="2" name="Test-1" time="90.996" errors="0" timestamp="2025-05-08T11:39:28 IST">
  <testcase classname="com.comcast.crm.AnnotationScripts2.CreateOrgTest" name="createOrgTest" time="35.195"/>
  <testcase classname="com.comcast.crm.AnnotationScripts2.CreateOrgTest" name="createOrgwithPhoneNumberTest" time="33.533"/>
</testsuite> <!-- Test-1 -->
